this is readtape version 3.11, compiled on Apr 19 2022 08:56:52, running on Tue Apr 19 09:10:22 2022
  executable file: C:\data\projects\magtape_reader\bin\readtape.exe
  command line: readtape -nrzi -order=012345p -tap -deskew -v -textfile -octal -adage -linesize=40 -dataspace=5 -tbin agt_text_tape_13Jan76 
  current directory: C:\Temp no backup\tapedata\MarcHoward
  this is a little-endian computer
  For more information, see https://github.com/LenShustek/readtape

reading file "agt_text_tape_13Jan76.tbin"
the output files will be "agt_text_tape_13Jan76.xxx"

.tbin file header:
  converted on: Sat Apr 16 21:43:35 2022
  max voltage: 6.9V
  time between samples: 1.280 usec

reading parmsets from file NRZI.parms
  parms      active, clk_window,  clk_alpha, agc_window,  agc_alpha,   min_peak,  pulse_adj,pkww_bitfrac,  pkww_rise,     midbit,  id
  {            1,          0,      0.200,          0,      0.300,      1.000,      0.300,      0.700,      0.200,      0.500,   PRM}
  {            1,          0,      0.200,          0,      0.300,      1.000,      0.300,      0.700,      0.200,      0.700,   PRM} //for late peaks at start of block
  {            1,          0,      0.300,          0,      0.300,      1.000,      0.400,      0.600,      0.200,      0.500,   PRM}
  {            1,          2,      0.000,          0,      0.300,      1.000,      0.400,      0.700,      0.200,      0.500,   PRM}
  {            1,          0,      0.600,          0,      0.300,      1.000,      0.400,      0.600,      0.200,      0.500,   PRM}
  {            1,          2,      0.000,          1,      0.000,      0.500,      0.500,      0.900,      0.050,      0.500,   PRM} //for shallow peaks
  {            1,          0,      0.200,          1,      0.000,      1.000,      0.500,      0.700,      0.050,      0.500,   PRM}
  {            1,          2,      0.000,          1,      0.000,      0.500,      0.500,      0.700,      0.050,      0.500,   PRM}
  {            1,          0,      0.600,          1,      0.000,      0.500,      0.500,      0.600,      0.050,      0.500,   PRM}

compile-time decoding constants:
  peak height closeness threshold: 0.005V
  nominal peak height for rise calculation: 2.0V
  AGC maximum: 2

execution-time configuration:
  we set ntrks=7 as implied by the -order string "012345p"
  7 track NRZI encoding, odd parity, 0 BPI at 50 IPS
  first sample is at time 4.00000000 seconds on the tape
  sampling rate is 781,250 Hz (1.28 usec)
  peak detection window width is 8 samples (10.24 usec)
  input data order: 0(msb)12345(lsb)p

  density was set to 556 BPI (35.97 usec/bit) after reading the first 1 blocks and seeing 10,000 transitions in 36 bins that imply 576 BPI

starting preprocessing to determine head skew...
head skew compensation after reading the first 2 blocks:
  track 0 delayed by 0 clocks (0.00 usec) based on 2319 observed flux transitions
  track 1 delayed by 1 clocks (1.28 usec) based on 996 observed flux transitions
  track 2 delayed by 1 clocks (1.28 usec) based on 1281 observed flux transitions
  track 3 delayed by 1 clocks (1.28 usec) based on 1606 observed flux transitions
  track 4 delayed by 1 clocks (1.28 usec) based on 1012 observed flux transitions
  track 5 delayed by 2 clocks (2.56 usec) based on 1594 observed flux transitions
  track 6 delayed by 0 clocks (0.00 usec) based on 1291 observed flux transitions
  the earliest peak is 32.90 usec, and the latest peak is 35.58 usec
  that peak difference of 2.68 usec, and the largest standard deviation of 1.54 usec, are 7.5% and 4.3% of the nominal bit spacing
  created statistics file "agt_text_tape_13Jan76.peakstats_deskew.csv" from 10,099 measurements of flux transition positions
  to graph it from Excel, open the CSV file, then: insert chart 2D line

creating file "agt_text_tape_13Jan76.tap"
creating file "agt_text_tape_13Jan76.octal.adage.txt"
wrote block   1, 1455 bytes, 1 try, parmset 0, AGC 0.77-1.24, ok, avg speed 51.15 IPS at time 6.91172992, tap offset 9
wrote block   2, 1670 bytes, 1 try, parmset 0, AGC 0.81-1.24, ok, avg speed 51.64 IPS at time 6.99440640, tap offset 1472
wrote block   3, 1035 bytes, 1 try, parmset 0, AGC 0.90-1.34, ok, avg speed 51.08 IPS at time 7.05560192, tap offset 3151
wrote block   4, 1755 bytes, 1 try, parmset 0, AGC 0.72-1.42, ok, avg speed 51.23 IPS at time 7.14203648, tap offset 4195
wrote block   5, 1400 bytes, 1 try, parmset 0, AGC 0.94-1.81, ok, avg speed 51.38 IPS at time 7.21591552, tap offset 5958
wrote block   6, 1475 bytes, 1 try, parmset 0, AGC 0.73-1.17, ok, avg speed 51.22 IPS at time 7.29242752, tap offset 7367
wrote block   7, 1260 bytes, 1 try, parmset 0, AGC 0.90-1.61, ok, avg speed 50.81 IPS at time 7.36183936, tap offset 8850
wrote block   8, 1565 bytes, 1 try, parmset 0, AGC 0.78-1.21, ok, avg speed 51.23 IPS at time 7.44157440, tap offset 10119
wrote block   9, 1775 bytes, 1 try, parmset 0, AGC 0.84-1.27, ok, avg speed 51.60 IPS at time 7.52811392, tap offset 11693
wrote block  10, 1475 bytes, 1 try, parmset 0, AGC 0.86-1.33, ok, avg speed 51.66 IPS at time 7.60445184, tap offset 13477
wrote block  11, 1545 bytes, 1 try, parmset 0, AGC 0.72-1.32, ok, avg speed 51.50 IPS at time 7.68314496, tap offset 14961
wrote block  12, 1255 bytes, 1 try, parmset 0, AGC 0.83-1.28, ok, avg speed 50.93 IPS at time 7.75254784, tap offset 16515
wrote block  13,  850 bytes, 1 try, parmset 0, AGC 0.78-1.24, ok, avg speed 50.35 IPS at time 7.80774656, tap offset 17778
wrote block  14, 1200 bytes, 1 try, parmset 0, AGC 0.72-1.13, ok, avg speed 51.06 IPS at time 7.87477632, tap offset 18636
wrote block  15, 1405 bytes, 1 try, parmset 0, AGC 0.84-1.48, ok, avg speed 51.46 IPS at time 7.94873472, tap offset 19845
wrote block  16, 1350 bytes, 1 try, parmset 0, AGC 0.85-1.34, ok, avg speed 51.48 IPS at time 8.02069120, tap offset 21258
wrote block  17, 1385 bytes, 1 try, parmset 0, AGC 0.88-1.38, ok, avg speed 51.15 IPS at time 8.09422976, tap offset 22617
wrote block  18, 1315 bytes, 1 try, parmset 0, AGC 0.87-1.23, ok, avg speed 50.96 IPS at time 8.16546560, tap offset 24011
wrote block  19, 1280 bytes, 1 try, parmset 0, AGC 0.93-1.34, ok, avg speed 51.02 IPS at time 8.23527424, tap offset 25334
wrote block  20,  905 bytes, 1 try, parmset 0, AGC 0.76-1.10, ok, avg speed 50.50 IPS at time 8.29241344, tap offset 26623
wrote block  21, 1325 bytes, 1 try, parmset 0, AGC 0.89-1.36, ok, avg speed 51.08 IPS at time 8.36404352, tap offset 27537
wrote block  22,  655 bytes, 1 try, parmset 0, AGC 0.91-1.14, ok, avg speed 50.76 IPS at time 8.41204736, tap offset 28871
wrote block  23, 1460 bytes, 1 try, parmset 0, AGC 0.81-1.41, ok, avg speed 51.10 IPS at time 8.48831872, tap offset 29534
wrote block  24, 1570 bytes, 1 try, parmset 0, AGC 0.74-1.29, ok, avg speed 51.67 IPS at time 8.56765696, tap offset 31002
wrote block  25, 1315 bytes, 1 try, parmset 0, AGC 0.78-1.13, ok, avg speed 51.57 IPS at time 8.63828224, tap offset 32581
wrote block  26,  495 bytes, 1 try, parmset 0, AGC 0.65-1.09, ok, avg speed 49.87 IPS at time 8.68103808, tap offset 33905
wrote block  27, 1565 bytes, 1 try, parmset 0, AGC 0.70-1.18, ok, avg speed 51.24 IPS at time 8.76070272, tap offset 34409
wrote block  28, 1675 bytes, 1 try, parmset 0, AGC 0.93-1.26, ok, avg speed 51.87 IPS at time 8.84356864, tap offset 35983
wrote block  29, 1500 bytes, 1 try, parmset 0, AGC 0.81-1.24, ok, avg speed 51.93 IPS at time 8.92029568, tap offset 37666
wrote block  30, 1360 bytes, 1 try, parmset 0, AGC 0.79-1.39, ok, avg speed 51.61 IPS at time 8.99254400, tap offset 39174
wrote block  31, 1315 bytes, 1 try, parmset 0, AGC 0.87-1.27, ok, avg speed 50.96 IPS at time 9.06387072, tap offset 40543
wrote block  32, 1485 bytes, 1 try, parmset 0, AGC 0.83-1.21, ok, avg speed 51.10 IPS at time 9.14113664, tap offset 41867
wrote block  33,  925 bytes, 1 try, parmset 0, AGC 0.94-1.44, ok, avg speed 50.65 IPS at time 9.19889920, tap offset 43361
wrote block  34, 1300 bytes, 1 try, parmset 0, AGC 0.79-1.21, ok, avg speed 50.97 IPS at time 9.26972032, tap offset 44294
wrote block  35, 1395 bytes, 1 try, parmset 0, AGC 0.83-1.31, ok, avg speed 51.41 IPS at time 9.34336512, tap offset 45603
wrote block  36, 1090 bytes, 1 try, parmset 0, AGC 0.85-1.59, ok, avg speed 51.14 IPS at time 9.40646272, tap offset 47006
wrote block  37,  715 bytes, 1 try, parmset 0, AGC 0.74-1.18, ok, avg speed 50.36 IPS at time 9.45693824, tap offset 48105
wrote block  38,  980 bytes, 1 try, parmset 0, AGC 0.81-1.30, ok, avg speed 51.18 IPS at time 9.51617024, tap offset 48828
wrote block  39,  965 bytes, 1 try, parmset 0, AGC 0.77-1.22, ok, avg speed 51.25 IPS at time 9.57493504, tap offset 49817
wrote block  40, 1285 bytes, 1 try, parmset 0, AGC 0.89-1.51, ok, avg speed 51.04 IPS at time 9.64504320, tap offset 50791
wrote block  41, 1530 bytes, 1 try, parmset 0, AGC 0.84-1.34, ok, avg speed 51.34 IPS at time 9.72371328, tap offset 52084
wrote block  42, 1455 bytes, 1 try, parmset 0, AGC 0.79-1.23, ok, avg speed 51.60 IPS at time 9.79935616, tap offset 53623
wrote block  43,  930 bytes, 1 try, parmset 0, AGC 0.72-1.18, ok, avg speed 50.57 IPS at time 9.85756032, tap offset 55086
wrote block  44, 1190 bytes, 1 try, parmset 0, AGC 0.87-1.19, ok, avg speed 50.76 IPS at time 9.92462848, tap offset 56024
wrote block  45,  925 bytes, 1 try, parmset 0, AGC 0.90-1.24, ok, avg speed 51.09 IPS at time 9.98208640, tap offset 57223
wrote block  46, 1525 bytes, 1 try, parmset 0, AGC 0.87-1.35, ok, avg speed 51.41 IPS at time 10.06040576, tap offset 58157
wrote block  47, 1035 bytes, 1 try, parmset 0, AGC 0.90-1.43, ok, avg speed 51.14 IPS at time 10.12183296, tap offset 59691
wrote block  48, 1180 bytes, 1 try, parmset 0, AGC 0.94-1.30, ok, avg speed 50.85 IPS at time 10.18854528, tap offset 60734
wrote block  49, 1235 bytes, 1 try, parmset 0, AGC 0.75-1.35, ok, avg speed 50.96 IPS at time 10.25716480, tap offset 61923
wrote block  50, 1285 bytes, 1 try, parmset 0, AGC 0.90-1.67, ok, avg speed 51.23 IPS at time 10.32733184, tap offset 63167
wrote block  51, 1420 bytes, 1 try, parmset 0, AGC 0.81-1.32, ok, avg speed 51.46 IPS at time 10.40192384, tap offset 64460
wrote block  52, 1550 bytes, 1 try, parmset 0, AGC 0.77-1.51, ok, avg speed 51.53 IPS at time 10.48088192, tap offset 65888
wrote block  53, 1030 bytes, 1 try, parmset 0, AGC 0.74-1.28, ok, avg speed 50.87 IPS at time 10.54255360, tap offset 67446
wrote block  54,  485 bytes, 1 try, parmset 0, AGC 0.85-1.15, ok, avg speed 50.57 IPS at time 10.58462336, tap offset 68485
wrote block  55, 1460 bytes, 1 try, parmset 0, AGC 0.83-1.52, ok, avg speed 51.56 IPS at time 10.66047488, tap offset 68978
wrote block  56, 1600 bytes, 1 try, parmset 0, AGC 0.93-1.51, ok, avg speed 51.95 IPS at time 10.74087808, tap offset 70446
wrote block  57, 1435 bytes, 1 try, parmset 0, AGC 0.88-1.44, ok, avg speed 51.71 IPS at time 10.81572480, tap offset 72055
wrote block  58, 1460 bytes, 1 try, parmset 0, AGC 0.88-1.41, ok, avg speed 51.33 IPS at time 10.89203456, tap offset 73498
wrote block  59, 1280 bytes, 1 try, parmset 0, AGC 0.90-1.37, ok, avg speed 51.08 IPS at time 10.96231424, tap offset 74966
wrote block  60, 1375 bytes, 1 try, parmset 0, AGC 0.83-1.17, ok, avg speed 50.97 IPS at time 11.03603584, tap offset 76255
wrote block  61, 1315 bytes, 1 try, parmset 0, AGC 0.69-1.14, ok, avg speed 51.02 IPS at time 11.10762880, tap offset 77639
wrote block  62, 1575 bytes, 1 try, parmset 0, AGC 0.81-1.55, ok, avg speed 51.43 IPS at time 11.18786816, tap offset 78963
wrote block  63,  810 bytes, 1 try, parmset 0, AGC 0.91-1.34, ok, avg speed 50.54 IPS at time 11.24197632, tap offset 80546
wrote block  64,   75 bytes, 1 try, parmset 0, AGC 0.97-1.17, ok, avg speed 50.70 IPS at time 11.26966528, tap offset 81365
wrote block  65, 1685 bytes, 1 try, parmset 0, AGC 0.71-1.43, ok, avg speed 51.76 IPS at time 11.35329280, tap offset 81449
wrote block  66,  975 bytes, 1 try, parmset 0, AGC 0.91-1.42, ok, avg speed 51.11 IPS at time 11.41283328, tap offset 83143
wrote block  67,  950 bytes, 1 try, parmset 0, AGC 0.95-1.48, ok, avg speed 50.37 IPS at time 11.47201024, tap offset 84126
wrote block  68, 1235 bytes, 1 try, parmset 0, AGC 0.65-1.29, ok, avg speed 51.11 IPS at time 11.54068736, tap offset 85085
wrote block  69, 1330 bytes, 1 try, parmset 0, AGC 0.87-1.35, ok, avg speed 51.40 IPS at time 11.61234944, tap offset 86328
wrote block  70, 1190 bytes, 1 try, parmset 0, AGC 0.78-1.45, ok, avg speed 51.12 IPS at time 11.67937152, tap offset 87666
wrote block  71,  860 bytes, 1 try, parmset 0, AGC 0.68-1.13, ok, avg speed 50.54 IPS at time 11.73523584, tap offset 88864
wrote block  72, 1095 bytes, 1 try, parmset 0, AGC 0.83-1.28, ok, avg speed 50.96 IPS at time 11.79896448, tap offset 89733
wrote block  73,  575 bytes, 1 try, parmset 0, AGC 0.86-1.30, ok, avg speed 50.88 IPS at time 11.84463744, tap offset 90837
wrote block  74, 1290 bytes, 1 try, parmset 0, AGC 0.80-1.46, ok, avg speed 51.09 IPS at time 11.91532032, tap offset 91420
wrote block  75,  640 bytes, 1 try, parmset 0, AGC 0.87-1.41, ok, avg speed 50.63 IPS at time 11.96325376, tap offset 92718
wrote block  76, 1465 bytes, 1 try, parmset 0, AGC 0.82-1.20, ok, avg speed 51.06 IPS at time 12.04003328, tap offset 93367
wrote block  77, 1205 bytes, 1 try, parmset 0, AGC 0.76-1.12, ok, avg speed 51.28 IPS at time 12.10763008, tap offset 94841
wrote block  78, 1375 bytes, 1 try, parmset 0, AGC 0.85-1.33, ok, avg speed 51.27 IPS at time 12.18109696, tap offset 96055
wrote block  79, 1105 bytes, 1 try, parmset 0, AGC 0.89-1.25, ok, avg speed 50.79 IPS at time 12.24555520, tap offset 97439
wrote block  80, 1170 bytes, 1 try, parmset 0, AGC 0.91-1.43, ok, avg speed 50.77 IPS at time 12.31235840, tap offset 98552
wrote block  81, 1030 bytes, 1 try, parmset 0, AGC 0.76-1.26, ok, avg speed 50.87 IPS at time 12.37391104, tap offset 99730
wrote block  82, 1185 bytes, 1 try, parmset 0, AGC 0.83-1.36, ok, avg speed 51.06 IPS at time 12.44092928, tap offset 100769
wrote block  83, 1355 bytes, 1 try, parmset 0, AGC 0.89-1.28, ok, avg speed 51.28 IPS at time 12.51367552, tap offset 101963
wrote block  84, 1525 bytes, 1 try, parmset 0, AGC 0.75-1.37, ok, avg speed 51.49 IPS at time 12.59201792, tap offset 103327
wrote block  85, 1660 bytes, 1 try, parmset 0, AGC 0.94-1.46, ok, avg speed 51.62 IPS at time 12.67504640, tap offset 104860
wrote block  86, 1340 bytes, 1 try, parmset 0, AGC 0.74-1.31, ok, avg speed 51.50 IPS at time 12.74716544, tap offset 106528
wrote block  87, 1360 bytes, 1 try, parmset 0, AGC 0.88-1.70, ok, avg speed 51.03 IPS at time 12.82035968, tap offset 107876
wrote block  88,  770 bytes, 1 try, parmset 0, AGC 0.80-1.13, ok, avg speed 50.22 IPS at time 12.87324544, tap offset 109244
wrote block  89, 1240 bytes, 1 try, parmset 0, AGC 0.70-1.29, ok, avg speed 51.18 IPS at time 12.94196096, tap offset 110022
wrote block  90,  810 bytes, 1 try, parmset 0, AGC 0.94-1.83, ok, avg speed 51.07 IPS at time 12.99584128, tap offset 111270
wrote block  91, 1525 bytes, 1 try, parmset 0, AGC 0.84-1.35, ok, avg speed 51.15 IPS at time 13.07486848, tap offset 112089
wrote block  92,  645 bytes, 1 try, parmset 0, AGC 0.67-1.14, ok, avg speed 50.50 IPS at time 13.12311936, tap offset 113623
wrote block  93,  965 bytes, 1 try, parmset 0, AGC 0.63-1.17, ok, avg speed 50.90 IPS at time 13.18243456, tap offset 114277
wrote block  94, 1220 bytes, 1 try, parmset 0, AGC 0.88-1.18, ok, avg speed 51.31 IPS at time 13.25047936, tap offset 115250
wrote block  95, 1185 bytes, 1 try, parmset 0, AGC 0.91-1.67, ok, avg speed 51.21 IPS at time 13.31761792, tap offset 116479
wrote block  96,  580 bytes, 1 try, parmset 0, AGC 0.68-1.15, ok, avg speed 50.31 IPS at time 13.36359168, tap offset 117672
wrote block  97, 1495 bytes, 1 try, parmset 0, AGC 0.79-1.30, ok, avg speed 51.15 IPS at time 13.44150912, tap offset 118261
wrote block  98,  885 bytes, 1 try, parmset 0, AGC 0.84-1.26, ok, avg speed 51.19 IPS at time 13.49802624, tap offset 119765
wrote block  99, 1315 bytes, 1 try, parmset 0, AGC 0.92-1.54, ok, avg speed 51.07 IPS at time 13.56964480, tap offset 120659
wrote block 100, 1400 bytes, 1 try, parmset 0, AGC 0.76-1.18, ok, avg speed 51.11 IPS at time 13.64423808, tap offset 121982
wrote block 101,  460 bytes, 1 try, parmset 0, AGC 0.84-1.08, ok, avg speed 50.36 IPS at time 13.68609408, tap offset 123390
wrote block 102,  865 bytes, 1 try, parmset 0, AGC 0.83-1.33, ok, avg speed 51.39 IPS at time 13.74167296, tap offset 123859
wrote block 103,  800 bytes, 1 try, parmset 0, AGC 0.93-1.69, ok, avg speed 50.81 IPS at time 13.79534464, tap offset 124732
wrote block 104, 1605 bytes, 1 try, parmset 0, AGC 0.81-1.26, ok, avg speed 51.09 IPS at time 13.87714944, tap offset 125541
wrote block 105, 1465 bytes, 1 try, parmset 0, AGC 0.84-1.56, ok, avg speed 51.53 IPS at time 13.95366656, tap offset 127155
wrote block 106,  980 bytes, 1 try, parmset 0, AGC 0.83-1.31, ok, avg speed 50.74 IPS at time 14.01385088, tap offset 128628
wrote block 107, 1625 bytes, 1 try, parmset 0, AGC 0.81-1.20, ok, avg speed 51.01 IPS at time 14.09644800, tap offset 129617
wrote block 108,  830 bytes, 1 try, parmset 0, AGC 0.95-1.54, ok, avg speed 50.70 IPS at time 14.15133696, tap offset 131250
wrote block 109, 1600 bytes, 1 try, parmset 0, AGC 0.87-1.36, ok, avg speed 51.05 IPS at time 14.23293440, tap offset 132088
wrote block 110, 1305 bytes, 1 try, parmset 0, AGC 0.88-1.32, ok, avg speed 51.32 IPS at time 14.30400256, tap offset 133697
wrote block 111, 1445 bytes, 1 try, parmset 0, AGC 0.82-1.61, ok, avg speed 51.38 IPS at time 14.37984256, tap offset 135011
wrote block 112, 1310 bytes, 1 try, parmset 0, AGC 0.85-1.35, ok, avg speed 51.11 IPS at time 14.45138688, tap offset 136464
wrote block 113, 1625 bytes, 1 try, parmset 0, AGC 0.82-1.57, ok, avg speed 51.45 IPS at time 14.53361024, tap offset 137783
wrote block 114, 1510 bytes, 1 try, parmset 0, AGC 0.76-1.54, ok, avg speed 51.50 IPS at time 14.61165312, tap offset 139416
wrote block 115, 1830 bytes, 1 try, parmset 0, AGC 0.73-1.39, ok, avg speed 51.72 IPS at time 14.70051840, tap offset 140934
wrote block 116,  640 bytes, 1 try, parmset 0, AGC 0.92-2.00, ok, avg speed 50.33 IPS at time 14.74886528, tap offset 142772
wrote block 117, 1055 bytes, 1 try, parmset 0, AGC 0.90-1.55, ok, avg speed 50.77 IPS at time 14.81147392, tap offset 143421
wrote block 118, 1415 bytes, 1 try, parmset 0, AGC 0.81-1.52, ok, avg speed 51.36 IPS at time 14.88634752, tap offset 144485
wrote block 119,  715 bytes, 1 try, parmset 0, AGC 0.75-1.12, ok, avg speed 50.84 IPS at time 14.93714176, tap offset 145909
wrote block 120, 1125 bytes, 1 try, parmset 0, AGC 0.87-1.27, ok, avg speed 50.70 IPS at time 15.00244864, tap offset 146633
wrote block 121, 1200 bytes, 1 try, parmset 0, AGC 0.90-1.57, ok, avg speed 51.05 IPS at time 15.07001600, tap offset 147766
wrote block 122, 1285 bytes, 1 try, parmset 0, AGC 0.80-1.41, ok, avg speed 51.31 IPS at time 15.14030336, tap offset 148975
wrote block 123, 1170 bytes, 1 try, parmset 0, AGC 0.85-1.29, ok, avg speed 51.04 IPS at time 15.20680192, tap offset 150268
wrote block 124,  750 bytes, 1 try, parmset 0, AGC 0.89-1.63, ok, avg speed 50.50 IPS at time 15.25905280, tap offset 151446
wrote block 125, 2150 bytes, 1 try, parmset 0, AGC 0.88-1.72, ok, avg speed 51.22 IPS at time 15.35992704, tap offset 152204
wrote block 126, 1125 bytes, 1 try, parmset 0, AGC 0.93-1.57, ok, avg speed 51.47 IPS at time 15.42461056, tap offset 154363
wrote block 127, 1110 bytes, 1 try, parmset 0, AGC 0.75-1.54, ok, avg speed 50.84 IPS at time 15.48928512, tap offset 155496
wrote block 128,  550 bytes, 1 try, parmset 0, AGC 0.65-1.14, ok, avg speed 50.53 IPS at time 15.53415936, tap offset 156614
wrote block 129,   75 bytes, 1 try, parmset 0, AGC 0.99-1.23, ok, avg speed 50.23 IPS at time 15.56229632, tap offset 157173
wrote block 130,  845 bytes, 1 try, parmset 0, AGC 0.91-1.57, ok, avg speed 50.93 IPS at time 15.61744512, tap offset 157257
wrote block 131,  855 bytes, 1 try, parmset 0, AGC 0.97-2.00, ok, avg speed 50.93 IPS at time 15.67304064, tap offset 158111
wrote block 132,  595 bytes, 1 try, parmset 0, AGC 0.96-1.60, ok, avg speed 50.60 IPS at time 15.71957632, tap offset 158975
wrote block 133, 1460 bytes, 1 try, parmset 0, AGC 0.89-1.50, ok, avg speed 51.20 IPS at time 15.79626240, tap offset 159578
wrote block 134, 1390 bytes, 1 try, parmset 0, AGC 0.69-1.28, ok, avg speed 51.40 IPS at time 15.87023232, tap offset 161046
wrote block 135, 1210 bytes, 1 try, parmset 0, AGC 0.88-1.42, ok, avg speed 51.24 IPS at time 15.93808640, tap offset 162444
wrote block 136, 1155 bytes, 1 try, parmset 0, AGC 0.78-1.19, ok, avg speed 50.72 IPS at time 16.00445056, tap offset 163663
wrote block 137, 1305 bytes, 1 try, parmset 0, AGC 0.72-1.49, ok, avg speed 50.80 IPS at time 16.07616896, tap offset 164827
wrote block 138, 1580 bytes, 1 try, parmset 0, AGC 0.86-1.24, ok, avg speed 51.35 IPS at time 16.15685504, tap offset 166140
wrote block 139, 1330 bytes, 1 try, parmset 0, AGC 0.65-1.21, ok, avg speed 51.37 IPS at time 16.22889984, tap offset 167728
wrote block 140, 1470 bytes, 1 try, parmset 0, AGC 0.90-1.60, ok, avg speed 51.29 IPS at time 16.30570240, tap offset 169066
wrote block 141, 1485 bytes, 1 try, parmset 0, AGC 0.84-1.42, ok, avg speed 51.41 IPS at time 16.38306432, tap offset 170545
wrote block 142, 1505 bytes, 1 try, parmset 0, AGC 0.84-1.67, ok, avg speed 51.30 IPS at time 16.46120576, tap offset 172039
wrote block 143, 1630 bytes, 1 try, parmset 0, AGC 0.87-1.19, ok, avg speed 51.55 IPS at time 16.54328704, tap offset 173552
wrote block 144, 1790 bytes, 1 try, parmset 0, AGC 0.83-1.49, ok, avg speed 51.82 IPS at time 16.63069696, tap offset 175190
wrote block 145, 1225 bytes, 1 try, parmset 0, AGC 0.94-1.55, ok, avg speed 51.31 IPS at time 16.69906176, tap offset 176989
wrote block 146, 1735 bytes, 1 try, parmset 0, AGC 0.94-1.61, ok, avg speed 51.52 IPS at time 16.78508928, tap offset 178223
wrote block 147, 1645 bytes, 1 try, parmset 0, AGC 0.92-1.69, ok, avg speed 51.64 IPS at time 16.86760448, tap offset 179967
wrote block 148, 1415 bytes, 1 try, parmset 0, AGC 0.88-1.35, ok, avg speed 51.44 IPS at time 16.94256128, tap offset 181621
wrote block 149, 1550 bytes, 1 try, parmset 0, AGC 0.89-1.56, ok, avg speed 51.43 IPS at time 17.02200192, tap offset 183044
wrote block 150, 1530 bytes, 1 try, parmset 0, AGC 0.86-1.33, ok, avg speed 51.36 IPS at time 17.10092928, tap offset 184602
wrote block 151,  800 bytes, 1 try, parmset 0, AGC 0.94-1.36, ok, avg speed 50.32 IPS at time 17.15493376, tap offset 186140
wrote block 152, 1390 bytes, 1 try, parmset 0, AGC 0.84-1.53, ok, avg speed 50.87 IPS at time 17.22939008, tap offset 186948
wrote block 153, 1470 bytes, 1 try, parmset 0, AGC 0.79-1.22, ok, avg speed 51.28 IPS at time 17.30631040, tap offset 188346
wrote block 154, 1405 bytes, 1 try, parmset 0, AGC 0.77-1.38, ok, avg speed 51.56 IPS at time 17.38079488, tap offset 189825
wrote block 155, 1665 bytes, 1 try, parmset 0, AGC 0.94-1.40, ok, avg speed 51.67 IPS at time 17.46405632, tap offset 191239
wrote block 156, 1170 bytes, 1 try, parmset 0, AGC 0.77-1.36, ok, avg speed 51.06 IPS at time 17.53069440, tap offset 192912
wrote block 157, 1590 bytes, 1 try, parmset 0, AGC 0.83-1.38, ok, avg speed 51.24 IPS at time 17.61196672, tap offset 194090
wrote block 158, 1435 bytes, 1 try, parmset 0, AGC 0.83-1.50, ok, avg speed 51.20 IPS at time 17.68771840, tap offset 195689
wrote block 159, 1480 bytes, 1 try, parmset 0, AGC 0.64-1.07, ok, avg speed 51.28 IPS at time 17.76499840, tap offset 197132
wrote block 160, 1335 bytes, 1 try, parmset 0, AGC 0.83-1.20, ok, avg speed 51.18 IPS at time 17.83732224, tap offset 198621
wrote block 161, 1235 bytes, 1 try, parmset 0, AGC 0.72-1.23, ok, avg speed 50.81 IPS at time 17.90638464, tap offset 199965
wrote block 162, 1380 bytes, 1 try, parmset 0, AGC 0.90-1.35, ok, avg speed 50.99 IPS at time 17.98041088, tap offset 201208
wrote block 163, 1455 bytes, 1 try, parmset 0, AGC 0.88-1.41, ok, avg speed 51.26 IPS at time 18.05687296, tap offset 202597
wrote block 164, 1225 bytes, 1 try, parmset 0, AGC 0.81-1.48, ok, avg speed 51.06 IPS at time 18.12551168, tap offset 204061
wrote block 165, 1355 bytes, 1 try, parmset 0, AGC 0.74-1.11, ok, avg speed 51.07 IPS at time 18.19858944, tap offset 205295
wrote block 166, 1075 bytes, 1 try, parmset 0, AGC 0.62-1.15, ok, avg speed 50.74 IPS at time 18.26194048, tap offset 206659
wrote block 167, 1100 bytes, 1 try, parmset 0, AGC 0.88-1.53, ok, avg speed 50.72 IPS at time 18.32651904, tap offset 207742
wrote block 168, 1405 bytes, 1 try, parmset 0, AGC 0.83-1.23, ok, avg speed 51.19 IPS at time 18.40124672, tap offset 208851
wrote block 169, 1525 bytes, 1 try, parmset 0, AGC 0.62-1.24, ok, avg speed 51.45 IPS at time 18.47980672, tap offset 210265
wrote block 170,  760 bytes, 1 try, parmset 0, AGC 0.88-1.21, ok, avg speed 50.48 IPS at time 18.53247104, tap offset 211798
wrote block 171, 1390 bytes, 1 try, parmset 0, AGC 0.83-1.34, ok, avg speed 50.78 IPS at time 18.60726016, tap offset 212566
wrote block 172, 1635 bytes, 1 try, parmset 0, AGC 0.61-1.18, ok, avg speed 51.34 IPS at time 18.68984576, tap offset 213965
wrote block 173, 1625 bytes, 1 try, parmset 0, AGC 0.77-1.29, ok, avg speed 51.59 IPS at time 18.77186944, tap offset 215609
wrote block 174, 1660 bytes, 1 try, parmset 0, AGC 0.77-1.50, ok, avg speed 51.88 IPS at time 18.85474048, tap offset 217242
wrote block 175, 1265 bytes, 1 try, parmset 0, AGC 0.75-1.22, ok, avg speed 51.34 IPS at time 18.92451200, tap offset 218911
wrote block 176, 1320 bytes, 1 try, parmset 0, AGC 0.66-1.15, ok, avg speed 50.86 IPS at time 18.99686656, tap offset 220184
wrote block 177,  890 bytes, 1 try, parmset 0, AGC 0.97-1.55, ok, avg speed 50.50 IPS at time 19.05398656, tap offset 221512
wrote block 178, 1480 bytes, 1 try, parmset 0, AGC 0.80-1.33, ok, avg speed 51.03 IPS at time 19.13153408, tap offset 222410
wrote block 179,  690 bytes, 1 try, parmset 0, AGC 0.68-1.05, ok, avg speed 50.80 IPS at time 19.18137728, tap offset 223898
wrote block 180, 1165 bytes, 1 try, parmset 0, AGC 0.87-1.42, ok, avg speed 51.01 IPS at time 19.24789632, tap offset 224597
wrote block 181, 1210 bytes, 1 try, parmset 0, AGC 0.86-1.57, ok, avg speed 51.06 IPS at time 19.31588480, tap offset 225770
wrote block 182, 1070 bytes, 1 try, parmset 0, AGC 0.80-1.50, ok, avg speed 50.87 IPS at time 19.37920000, tap offset 226988
wrote block 183,  595 bytes, 1 try, parmset 0, AGC 0.87-1.13, ok, avg speed 50.58 IPS at time 19.42584704, tap offset 228067
wrote block 184, 1215 bytes, 1 try, parmset 0, AGC 0.82-1.48, ok, avg speed 51.27 IPS at time 19.49384832, tap offset 228671
wrote block 185, 1170 bytes, 1 try, parmset 0, AGC 0.81-1.38, ok, avg speed 51.26 IPS at time 19.56018304, tap offset 229894
wrote block 186, 1265 bytes, 1 try, parmset 0, AGC 0.91-1.21, ok, avg speed 51.08 IPS at time 19.63013376, tap offset 231073
wrote block 187,  750 bytes, 1 try, parmset 0, AGC 0.88-1.63, ok, avg speed 50.53 IPS at time 19.68222208, tap offset 232346
wrote block 188, 1345 bytes, 1 try, parmset 0, AGC 0.68-1.22, ok, avg speed 51.05 IPS at time 19.75483392, tap offset 233105
wrote block 189, 1270 bytes, 1 try, parmset 0, AGC 0.79-1.15, ok, avg speed 51.39 IPS at time 19.82457856, tap offset 234458
wrote block 190, 1350 bytes, 1 try, parmset 0, AGC 0.92-2.00, ok, avg speed 51.43 IPS at time 19.89721472, tap offset 235736
wrote block 191, 1205 bytes, 1 try, parmset 0, AGC 0.87-1.15, ok, avg speed 50.95 IPS at time 19.96516608, tap offset 237095
wrote block 192, 1425 bytes, 1 try, parmset 0, AGC 0.82-1.34, ok, avg speed 51.04 IPS at time 20.04078336, tap offset 238309
wrote block 193, 1295 bytes, 1 try, parmset 0, AGC 0.78-1.33, ok, avg speed 51.14 IPS at time 20.11153152, tap offset 239743
wrote block 194,   75 bytes, 1 try, parmset 0, AGC 0.97-1.12, ok, avg speed 50.30 IPS at time 20.13952128, tap offset 241047
wrote block 195, 1425 bytes, 1 try, parmset 0, AGC 0.90-1.86, ok, avg speed 51.60 IPS at time 20.21459584, tap offset 241131
wrote block 196, 1465 bytes, 1 try, parmset 0, AGC 0.80-1.47, ok, avg speed 51.91 IPS at time 20.29062784, tap offset 242565
wrote block 197, 1260 bytes, 1 try, parmset 0, AGC 0.91-1.43, ok, avg speed 51.35 IPS at time 20.36020096, tap offset 244038
wrote block 198, 1030 bytes, 1 try, parmset 0, AGC 0.69-1.14, ok, avg speed 50.52 IPS at time 20.42226432, tap offset 245306
wrote block 199, 1150 bytes, 1 try, parmset 0, AGC 0.88-1.46, ok, avg speed 50.94 IPS at time 20.48827008, tap offset 246344
wrote block 200, 1190 bytes, 1 try, parmset 0, AGC 0.83-1.20, ok, avg speed 51.24 IPS at time 20.55530112, tap offset 247502
wrote block 201, 1040 bytes, 1 try, parmset 0, AGC 0.73-1.31, ok, avg speed 51.04 IPS at time 20.61728256, tap offset 248700
wrote block 202, 2070 bytes, 1 try, parmset 0, AGC 0.94-1.52, ok, avg speed 51.62 IPS at time 20.71470208, tap offset 249748
wrote block 203, 1520 bytes, 1 try, parmset 0, AGC 0.81-1.31, ok, avg speed 51.88 IPS at time 20.79266432, tap offset 251826
wrote block 204, 1200 bytes, 1 try, parmset 0, AGC 0.89-1.22, ok, avg speed 51.31 IPS at time 20.86019840, tap offset 253354
wrote block 205, 1450 bytes, 1 try, parmset 0, AGC 0.90-1.64, ok, avg speed 51.19 IPS at time 20.93661184, tap offset 254562
wrote block 206, 1305 bytes, 1 try, parmset 0, AGC 0.92-1.33, ok, avg speed 50.95 IPS at time 21.00808832, tap offset 256021
wrote block 207, 1130 bytes, 1 try, parmset 0, AGC 0.74-1.25, ok, avg speed 50.82 IPS at time 21.07355392, tap offset 257334
wrote block 208, 1645 bytes, 1 try, parmset 0, AGC 0.91-1.27, ok, avg speed 51.28 IPS at time 21.15645440, tap offset 258473
wrote block 209, 1350 bytes, 1 try, parmset 0, AGC 0.78-1.20, ok, avg speed 51.39 IPS at time 21.22913024, tap offset 260126
wrote block 210, 1450 bytes, 1 try, parmset 0, AGC 0.86-1.27, ok, avg speed 51.42 IPS at time 21.30518656, tap offset 261484
wrote block 211, 1440 bytes, 1 try, parmset 0, AGC 0.86-1.43, ok, avg speed 51.33 IPS at time 21.38081920, tap offset 262942
wrote block 212, 1510 bytes, 1 try, parmset 0, AGC 0.87-1.36, ok, avg speed 51.33 IPS at time 21.45919872, tap offset 264390
wrote block 213, 1550 bytes, 1 try, parmset 0, AGC 0.89-1.31, ok, avg speed 51.54 IPS at time 21.53859712, tap offset 265908
wrote block 214, 1525 bytes, 1 try, parmset 0, AGC 0.88-1.59, ok, avg speed 51.65 IPS at time 21.61686272, tap offset 267467
wrote block 215,  620 bytes, 1 try, parmset 0, AGC 0.90-1.16, ok, avg speed 50.16 IPS at time 21.66448768, tap offset 269000
wrote block 216, 1925 bytes, 1 try, parmset 0, AGC 0.87-1.64, ok, avg speed 51.00 IPS at time 21.75778048, tap offset 269629
wrote block 217, 1490 bytes, 1 try, parmset 0, AGC 0.94-1.42, ok, avg speed 51.43 IPS at time 21.83509120, tap offset 271562
wrote block 218, 1695 bytes, 1 try, parmset 0, AGC 0.77-1.38, ok, avg speed 51.66 IPS at time 21.91953664, tap offset 273061
wrote block 219, 1570 bytes, 1 try, parmset 0, AGC 0.75-1.22, ok, avg speed 51.89 IPS at time 21.99929984, tap offset 274764
wrote block 220, 1460 bytes, 1 try, parmset 0, AGC 0.73-1.20, ok, avg speed 51.57 IPS at time 22.07558144, tap offset 276342
wrote block 221, 1245 bytes, 1 try, parmset 0, AGC 0.78-1.31, ok, avg speed 51.02 IPS at time 22.14487552, tap offset 277811
wrote block 222, 1580 bytes, 1 try, parmset 0, AGC 0.93-1.32, ok, avg speed 51.15 IPS at time 22.22579328, tap offset 279064
wrote block 223, 1295 bytes, 1 try, parmset 0, AGC 0.86-1.47, ok, avg speed 51.05 IPS at time 22.29686016, tap offset 280653
wrote block 224, 1585 bytes, 1 try, parmset 0, AGC 0.85-1.24, ok, avg speed 51.36 IPS at time 22.37779584, tap offset 281957
wrote block 225, 1235 bytes, 1 try, parmset 0, AGC 0.88-1.45, ok, avg speed 51.17 IPS at time 22.44662784, tap offset 283551
wrote block 226, 1380 bytes, 1 try, parmset 0, AGC 0.82-1.38, ok, avg speed 50.97 IPS at time 22.52079232, tap offset 284794
wrote block 227, 1755 bytes, 1 try, parmset 0, AGC 0.71-1.17, ok, avg speed 51.51 IPS at time 22.60750336, tap offset 286183
wrote block 228, 1755 bytes, 1 try, parmset 0, AGC 0.71-1.14, ok, avg speed 51.71 IPS at time 22.69384576, tap offset 287947
wrote block 229, 1545 bytes, 1 try, parmset 0, AGC 0.73-1.14, ok, avg speed 51.83 IPS at time 22.77291264, tap offset 289711
wrote block 230, 1690 bytes, 1 try, parmset 0, AGC 0.84-1.43, ok, avg speed 51.85 IPS at time 22.85697792, tap offset 291264
wrote block 231, 1545 bytes, 1 try, parmset 0, AGC 0.87-1.66, ok, avg speed 51.70 IPS at time 22.93617920, tap offset 292963
wrote block 232, 1315 bytes, 1 try, parmset 0, AGC 0.80-1.15, ok, avg speed 51.25 IPS at time 23.00777088, tap offset 294517
wrote block 233, 1300 bytes, 1 try, parmset 0, AGC 0.75-1.39, ok, avg speed 50.89 IPS at time 23.07922176, tap offset 295840
wrote block 234, 1420 bytes, 1 try, parmset 0, AGC 0.94-1.34, ok, avg speed 50.85 IPS at time 23.15491968, tap offset 297148
wrote block 235,  680 bytes, 1 try, parmset 0, AGC 0.89-1.14, ok, avg speed 50.38 IPS at time 23.20469760, tap offset 298576
wrote block 236, 1285 bytes, 1 try, parmset 0, AGC 0.64-1.24, ok, avg speed 51.13 IPS at time 23.27539584, tap offset 299265
wrote block 237, 1490 bytes, 1 try, parmset 0, AGC 0.94-1.36, ok, avg speed 51.40 IPS at time 23.35304448, tap offset 300558
wrote block 238, 1330 bytes, 1 try, parmset 0, AGC 0.73-1.30, ok, avg speed 51.51 IPS at time 23.42490368, tap offset 302056
wrote block 239, 1615 bytes, 1 try, parmset 0, AGC 0.90-1.36, ok, avg speed 51.51 IPS at time 23.50679936, tap offset 303395
wrote block 240, 1615 bytes, 1 try, parmset 0, AGC 0.80-1.45, ok, avg speed 51.54 IPS at time 23.58866176, tap offset 305019
wrote block 241, 1780 bytes, 1 try, parmset 0, AGC 0.93-1.58, ok, avg speed 51.87 IPS at time 23.67593344, tap offset 306642
wrote block 242, 1595 bytes, 1 try, parmset 0, AGC 0.72-1.28, ok, avg speed 51.80 IPS at time 23.75678848, tap offset 308431
wrote block 243, 1760 bytes, 1 try, parmset 0, AGC 0.78-1.31, ok, avg speed 51.86 IPS at time 23.84318720, tap offset 310034
wrote block 244, 1295 bytes, 1 try, parmset 0, AGC 0.64-1.12, ok, avg speed 51.45 IPS at time 23.91397248, tap offset 311803
wrote block 245, 1615 bytes, 1 try, parmset 0, AGC 0.86-1.28, ok, avg speed 51.27 IPS at time 23.99618304, tap offset 313107
wrote block 246, 1450 bytes, 1 try, parmset 0, AGC 0.78-1.38, ok, avg speed 51.34 IPS at time 24.07263744, tap offset 314730
wrote block 247,  545 bytes, 1 try, parmset 0, AGC 0.90-1.17, ok, avg speed 50.11 IPS at time 24.11781120, tap offset 316189
wrote block 248, 1300 bytes, 1 try, parmset 0, AGC 0.63-1.22, ok, avg speed 51.06 IPS at time 24.18917632, tap offset 316742
wrote block 249,  980 bytes, 1 try, parmset 0, AGC 0.93-1.63, ok, avg speed 51.25 IPS at time 24.24914816, tap offset 318050
wrote block 250, 1440 bytes, 1 try, parmset 0, AGC 0.79-1.31, ok, avg speed 51.22 IPS at time 24.32530048, tap offset 319038
wrote block 251, 1530 bytes, 1 try, parmset 0, AGC 0.57-1.23, ok, avg speed 51.29 IPS at time 24.40439168, tap offset 320486
wrote block 252, 1380 bytes, 1 try, parmset 0, AGC 0.83-1.29, ok, avg speed 51.30 IPS at time 24.47834752, tap offset 322024
wrote block 253, 1510 bytes, 1 try, parmset 0, AGC 0.71-1.42, ok, avg speed 51.31 IPS at time 24.55665664, tap offset 323412
wrote block 254, 1575 bytes, 1 try, parmset 0, AGC 0.90-1.42, ok, avg speed 51.32 IPS at time 24.63743232, tap offset 324931
wrote block 255, 1575 bytes, 1 try, parmset 0, AGC 0.67-1.31, ok, avg speed 51.54 IPS at time 24.71787648, tap offset 326515
wrote block 256,  540 bytes, 1 try, parmset 0, AGC 0.94-1.40, ok, avg speed 50.08 IPS at time 24.76294144, tap offset 328098
wrote block 257, 1135 bytes, 1 try, parmset 0, AGC 0.76-1.21, ok, avg speed 51.03 IPS at time 24.82843648, tap offset 328647
wrote block 258, 1385 bytes, 1 try, parmset 0, AGC 0.83-1.47, ok, avg speed 51.57 IPS at time 24.90220160, tap offset 329791
wrote block 259,   75 bytes, 1 try, parmset 0, AGC 0.98-1.14, ok, avg speed 49.54 IPS at time 24.93059456, tap offset 331185
wrote block 260, 1450 bytes, 1 try, parmset 0, AGC 0.76-1.37, ok, avg speed 51.26 IPS at time 25.00689408, tap offset 331268
wrote block 261,  415 bytes, 1 try, parmset 0, AGC 0.80-1.11, ok, avg speed 50.48 IPS at time 25.04747904, tap offset 332727
wrote block 262, 1430 bytes, 1 try, parmset 0, AGC 0.79-1.20, ok, avg speed 50.76 IPS at time 25.12378240, tap offset 333150
wrote block 263, 1760 bytes, 1 try, parmset 0, AGC 0.59-1.22, ok, avg speed 51.30 IPS at time 25.21106048, tap offset 334588
wrote block 264, 1260 bytes, 1 try, parmset 0, AGC 0.85-1.46, ok, avg speed 51.39 IPS at time 25.28072320, tap offset 336356
wrote block 265, 1075 bytes, 1 try, parmset 0, AGC 0.67-1.22, ok, avg speed 50.85 IPS at time 25.34454656, tap offset 337625
wrote block 266,  670 bytes, 1 try, parmset 0, AGC 0.84-1.20, ok, avg speed 50.55 IPS at time 25.39395584, tap offset 338708
wrote block 267, 1875 bytes, 1 try, parmset 0, AGC 0.82-1.57, ok, avg speed 51.05 IPS at time 25.48560384, tap offset 339387
wrote block 268, 1560 bytes, 1 try, parmset 0, AGC 0.63-1.11, ok, avg speed 51.59 IPS at time 25.56540416, tap offset 341270
wrote block 269,  830 bytes, 1 try, parmset 0, AGC 0.90-1.14, ok, avg speed 50.94 IPS at time 25.62044416, tap offset 342838
wrote block 270, 1815 bytes, 1 try, parmset 0, AGC 0.86-1.60, ok, avg speed 51.19 IPS at time 25.70999552, tap offset 343677
wrote block 271, 1400 bytes, 1 try, parmset 0, AGC 0.84-1.55, ok, avg speed 51.44 IPS at time 25.78447360, tap offset 345500
wrote block 272, 1420 bytes, 1 try, parmset 0, AGC 0.88-1.38, ok, avg speed 51.27 IPS at time 25.86003328, tap offset 346908
wrote block 273, 1595 bytes, 1 try, parmset 0, AGC 0.87-1.38, ok, avg speed 51.33 IPS at time 25.94141952, tap offset 348337
wrote block 274, 1085 bytes, 1 try, parmset 0, AGC 0.83-1.30, ok, avg speed 50.91 IPS at time 26.00548736, tap offset 349941
wrote block 275, 1670 bytes, 1 try, parmset 0, AGC 0.86-1.60, ok, avg speed 51.10 IPS at time 26.08991872, tap offset 351034
wrote block 276, 1505 bytes, 1 try, parmset 0, AGC 0.63-1.11, ok, avg speed 51.33 IPS at time 26.16828032, tap offset 352713
wrote block 277, 1400 bytes, 1 try, parmset 0, AGC 0.83-1.47, ok, avg speed 51.33 IPS at time 26.24297728, tap offset 354226
wrote block 278, 1150 bytes, 1 try, parmset 0, AGC 0.55-1.25, ok, avg speed 50.76 IPS at time 26.30919552, tap offset 355634
wrote block 279, 1320 bytes, 1 try, parmset 0, AGC 0.86-1.22, ok, avg speed 50.75 IPS at time 26.38159744, tap offset 356792
wrote block 280, 1615 bytes, 1 try, parmset 0, AGC 0.92-1.86, ok, avg speed 51.27 IPS at time 26.46385408, tap offset 358121
wrote block 281, 1280 bytes, 1 try, parmset 0, AGC 0.81-1.12, ok, avg speed 51.25 IPS at time 26.53443456, tap offset 359744
wrote block 282, 1135 bytes, 1 try, parmset 0, AGC 0.85-1.54, ok, avg speed 50.80 IPS at time 26.60031744, tap offset 361033
wrote block 283, 1480 bytes, 1 try, parmset 0, AGC 0.74-1.20, ok, avg speed 50.99 IPS at time 26.67805568, tap offset 362176
wrote block 284, 1455 bytes, 1 try, parmset 0, AGC 0.77-1.42, ok, avg speed 51.16 IPS at time 26.75469184, tap offset 363665
wrote block 285, 1315 bytes, 1 try, parmset 0, AGC 0.75-1.21, ok, avg speed 51.11 IPS at time 26.82667776, tap offset 365129
wrote block 286, 1125 bytes, 1 try, parmset 0, AGC 0.93-1.70, ok, avg speed 50.81 IPS at time 26.89205376, tap offset 366453
wrote block 287, 1370 bytes, 1 try, parmset 0, AGC 0.76-1.18, ok, avg speed 50.86 IPS at time 26.96626176, tap offset 367586
wrote block 288, 1465 bytes, 1 try, parmset 0, AGC 0.67-1.33, ok, avg speed 51.13 IPS at time 27.04329088, tap offset 368965
wrote block 289, 1485 bytes, 1 try, parmset 0, AGC 0.73-1.46, ok, avg speed 51.35 IPS at time 27.12091904, tap offset 370439
wrote block 290, 1130 bytes, 1 try, parmset 0, AGC 0.68-1.24, ok, avg speed 50.92 IPS at time 27.18648192, tap offset 371932
wrote block 291, 1225 bytes, 1 try, parmset 0, AGC 0.94-1.77, ok, avg speed 50.72 IPS at time 27.25582720, tap offset 373071
wrote block 292,  580 bytes, 1 try, parmset 0, AGC 0.81-1.09, ok, avg speed 50.74 IPS at time 27.30189312, tap offset 374304
wrote block 293, 1180 bytes, 1 try, parmset 0, AGC 0.92-1.74, ok, avg speed 51.26 IPS at time 27.36887808, tap offset 374892
wrote block 294, 1235 bytes, 1 try, parmset 0, AGC 0.75-1.30, ok, avg speed 51.16 IPS at time 27.43806336, tap offset 376081
wrote block 295, 1300 bytes, 1 try, parmset 0, AGC 0.74-1.31, ok, avg speed 51.11 IPS at time 27.50947200, tap offset 377324
wrote block 296, 1170 bytes, 1 try, parmset 0, AGC 0.92-1.46, ok, avg speed 50.75 IPS at time 27.57654144, tap offset 378632
wrote block 297,  875 bytes, 1 try, parmset 0, AGC 0.84-1.53, ok, avg speed 50.57 IPS at time 27.63340928, tap offset 379811
wrote block 298, 1220 bytes, 1 try, parmset 0, AGC 0.86-1.38, ok, avg speed 51.06 IPS at time 27.70217472, tap offset 380694
wrote block 299, 1410 bytes, 1 try, parmset 0, AGC 0.88-1.30, ok, avg speed 51.33 IPS at time 27.77714944, tap offset 381922
wrote block 300, 1190 bytes, 1 try, parmset 0, AGC 0.79-1.57, ok, avg speed 51.10 IPS at time 27.84459520, tap offset 383340
wrote block 301, 1350 bytes, 1 try, parmset 0, AGC 0.84-1.21, ok, avg speed 50.94 IPS at time 27.91801984, tap offset 384538
wrote block 302, 1355 bytes, 1 try, parmset 0, AGC 0.74-1.36, ok, avg speed 50.97 IPS at time 27.99154048, tap offset 385897
wrote block 303, 1355 bytes, 1 try, parmset 0, AGC 0.96-1.49, ok, avg speed 50.98 IPS at time 28.06512384, tap offset 387261
wrote block 304, 1300 bytes, 1 try, parmset 0, AGC 0.84-1.48, ok, avg speed 51.05 IPS at time 28.13669120, tap offset 388624
wrote block 305, 1450 bytes, 1 try, parmset 0, AGC 0.79-1.33, ok, avg speed 51.21 IPS at time 28.21325056, tap offset 389932
wrote block 306, 1125 bytes, 1 try, parmset 0, AGC 0.67-1.24, ok, avg speed 50.85 IPS at time 28.27868160, tap offset 391391
wrote block 307,  905 bytes, 1 try, parmset 0, AGC 0.75-1.24, ok, avg speed 50.55 IPS at time 28.33649408, tap offset 392525
wrote block 308, 1095 bytes, 1 try, parmset 0, AGC 0.90-1.65, ok, avg speed 50.96 IPS at time 28.40079360, tap offset 393439
wrote block 309, 1295 bytes, 1 try, parmset 0, AGC 0.73-1.27, ok, avg speed 51.18 IPS at time 28.47198848, tap offset 394543
wrote block 310, 1285 bytes, 1 try, parmset 0, AGC 0.76-1.24, ok, avg speed 51.15 IPS at time 28.54276992, tap offset 395847
wrote block 311, 1225 bytes, 1 try, parmset 0, AGC 0.88-2.00, ok, avg speed 50.98 IPS at time 28.61180032, tap offset 397141
wrote block 312, 1225 bytes, 1 try, parmset 0, AGC 0.68-1.15, ok, avg speed 50.78 IPS at time 28.68105728, tap offset 398375
wrote block 313, 1360 bytes, 1 try, parmset 0, AGC 0.64-1.20, ok, avg speed 50.86 IPS at time 28.75479808, tap offset 399608
wrote block 314,  880 bytes, 1 try, parmset 0, AGC 0.90-1.41, ok, avg speed 50.71 IPS at time 28.81177216, tap offset 400976
wrote block 315, 1290 bytes, 1 try, parmset 0, AGC 0.72-1.34, ok, avg speed 50.90 IPS at time 28.88306688, tap offset 401864
wrote block 316, 1200 bytes, 1 try, parmset 0, AGC 0.70-1.12, ok, avg speed 51.03 IPS at time 28.95120128, tap offset 403162
wrote block 317,  580 bytes, 1 try, parmset 0, AGC 0.95-1.60, ok, avg speed 50.51 IPS at time 28.99762048, tap offset 404370
wrote block 318, 1225 bytes, 1 try, parmset 0, AGC 0.86-1.55, ok, avg speed 51.04 IPS at time 29.06629120, tap offset 404959
wrote block 319, 1465 bytes, 1 try, parmset 0, AGC 0.79-1.28, ok, avg speed 51.34 IPS at time 29.14319744, tap offset 406193
wrote block 320, 1425 bytes, 1 try, parmset 0, AGC 0.86-1.87, ok, avg speed 51.45 IPS at time 29.21868800, tap offset 407667
wrote block 321, 1200 bytes, 1 try, parmset 0, AGC 0.75-1.13, ok, avg speed 51.01 IPS at time 29.28674560, tap offset 409100
wrote block 322, 1215 bytes, 1 try, parmset 0, AGC 0.60-1.14, ok, avg speed 50.64 IPS at time 29.35568000, tap offset 410309
wrote block 323, 1055 bytes, 1 try, parmset 0, AGC 0.84-1.41, ok, avg speed 50.60 IPS at time 29.41901184, tap offset 411533
wrote block 324,   75 bytes, 1 try, parmset 0, AGC 0.98-1.07, ok, avg speed 50.40 IPS at time 29.44728192, tap offset 412597
wrote block 325, 1185 bytes, 1 try, parmset 0, AGC 0.70-1.20, ok, avg speed 51.19 IPS at time 29.51450368, tap offset 412681
wrote block 326, 1070 bytes, 1 try, parmset 0, AGC 0.83-1.25, ok, avg speed 50.94 IPS at time 29.57796992, tap offset 413874
wrote block 327, 1120 bytes, 1 try, parmset 0, AGC 0.82-1.37, ok, avg speed 50.70 IPS at time 29.64357376, tap offset 414952
wrote block 328, 1150 bytes, 1 try, parmset 0, AGC 0.92-1.37, ok, avg speed 50.92 IPS at time 29.70990336, tap offset 416080
wrote block 329, 1445 bytes, 1 try, parmset 0, AGC 0.81-1.53, ok, avg speed 51.13 IPS at time 29.78647808, tap offset 417239
wrote block 330, 1230 bytes, 1 try, parmset 0, AGC 0.86-1.43, ok, avg speed 51.10 IPS at time 29.85553408, tap offset 418692
wrote block 331,  980 bytes, 1 try, parmset 0, AGC 0.83-1.40, ok, avg speed 50.72 IPS at time 29.91608960, tap offset 419930
wrote block 332, 1255 bytes, 1 try, parmset 0, AGC 0.92-1.47, ok, avg speed 50.74 IPS at time 29.98622848, tap offset 420919
wrote block 333, 1370 bytes, 1 try, parmset 0, AGC 0.86-1.38, ok, avg speed 51.08 IPS at time 30.06029312, tap offset 422182
wrote block 334,  960 bytes, 1 try, parmset 0, AGC 0.86-1.39, ok, avg speed 50.89 IPS at time 30.11985536, tap offset 423560
wrote block 335, 1265 bytes, 1 try, parmset 0, AGC 0.90-1.46, ok, avg speed 50.86 IPS at time 30.19018368, tap offset 424529
wrote block 336, 1100 bytes, 1 try, parmset 0, AGC 0.88-1.93, ok, avg speed 50.77 IPS at time 30.25490944, tap offset 425802
wrote block 337, 1055 bytes, 1 try, parmset 0, AGC 0.83-1.33, ok, avg speed 50.84 IPS at time 30.31797760, tap offset 426911
wrote block 338, 1190 bytes, 1 try, parmset 0, AGC 0.75-1.34, ok, avg speed 50.88 IPS at time 30.38552448, tap offset 427974
wrote block 339, 1155 bytes, 1 try, parmset 0, AGC 0.83-1.19, ok, avg speed 50.90 IPS at time 30.45218944, tap offset 429173
wrote block 340, 1310 bytes, 1 try, parmset 0, AGC 0.74-1.38, ok, avg speed 50.97 IPS at time 30.52424448, tap offset 430336
wrote block 341, 1205 bytes, 1 try, parmset 0, AGC 0.83-1.38, ok, avg speed 50.96 IPS at time 30.59238144, tap offset 431655
wrote block 342, 1255 bytes, 1 try, parmset 0, AGC 0.78-1.41, ok, avg speed 50.90 IPS at time 30.66247168, tap offset 432869
wrote block 343,  535 bytes, 1 try, parmset 0, AGC 0.84-1.20, ok, avg speed 50.52 IPS at time 30.70728704, tap offset 434133
wrote block 344, 1660 bytes, 1 try, parmset 0, AGC 0.89-1.40, ok, avg speed 51.16 IPS at time 30.79136512, tap offset 434676
wrote block 345, 1700 bytes, 1 try, parmset 0, AGC 0.92-1.54, ok, avg speed 51.47 IPS at time 30.87641856, tap offset 436344
wrote block 346,  945 bytes, 1 try, parmset 0, AGC 0.75-1.28, ok, avg speed 51.04 IPS at time 30.93553152, tap offset 438053
wrote block 347, 1215 bytes, 1 try, parmset 0, AGC 0.71-1.36, ok, avg speed 50.68 IPS at time 31.00440320, tap offset 439007
wrote block 348,  920 bytes, 1 try, parmset 0, AGC 0.94-1.33, ok, avg speed 50.60 IPS at time 31.06282752, tap offset 440230
wrote block 349,  780 bytes, 1 try, parmset 0, AGC 0.90-1.88, ok, avg speed 50.93 IPS at time 31.11613824, tap offset 441158
wrote block 350,  695 bytes, 1 try, parmset 0, AGC 0.96-1.43, ok, avg speed 50.67 IPS at time 31.16654976, tap offset 441947
wrote block 351,  755 bytes, 1 try, parmset 0, AGC 0.70-1.17, ok, avg speed 50.82 IPS at time 31.21911680, tap offset 442651
wrote block 352,  750 bytes, 1 try, parmset 0, AGC 0.81-1.21, ok, avg speed 50.89 IPS at time 31.27129088, tap offset 443414
wrote block 353,  550 bytes, 1 try, parmset 0, AGC 0.96-1.50, ok, avg speed 50.67 IPS at time 31.31664128, tap offset 444172
wrote block 354,  585 bytes, 1 try, parmset 0, AGC 0.97-1.45, ok, avg speed 50.85 IPS at time 31.36304512, tap offset 444731
wrote block 355, 1080 bytes, 1 try, parmset 0, AGC 0.88-1.45, ok, avg speed 51.04 IPS at time 31.42684032, tap offset 445324
wrote block 356,  845 bytes, 1 try, parmset 0, AGC 0.86-1.14, ok, avg speed 50.62 IPS at time 31.48244608, tap offset 446413
wrote block 357,  915 bytes, 1 try, parmset 0, AGC 0.62-1.25, ok, avg speed 50.63 IPS at time 31.54067072, tap offset 447267
wrote block 358,  855 bytes, 1 try, parmset 0, AGC 0.85-1.31, ok, avg speed 50.84 IPS at time 31.59670400, tap offset 448191
wrote block 359,  995 bytes, 1 try, parmset 0, AGC 0.77-1.18, ok, avg speed 50.90 IPS at time 31.65765504, tap offset 449055
wrote block 360,  650 bytes, 1 try, parmset 0, AGC 0.73-1.07, ok, avg speed 50.65 IPS at time 31.70636160, tap offset 450058
wrote block 361,  680 bytes, 1 try, parmset 0, AGC 0.87-1.19, ok, avg speed 50.94 IPS at time 31.75611904, tap offset 450716
wrote block 362,  880 bytes, 1 try, parmset 0, AGC 0.93-1.51, ok, avg speed 50.82 IPS at time 31.81312384, tap offset 451404
wrote block 363,  835 bytes, 1 try, parmset 0, AGC 0.68-1.12, ok, avg speed 50.82 IPS at time 31.86839680, tap offset 452293
wrote block 364,  685 bytes, 1 try, parmset 0, AGC 0.90-1.49, ok, avg speed 50.80 IPS at time 31.91844864, tap offset 453137
wrote block 365,  860 bytes, 1 try, parmset 0, AGC 0.80-1.43, ok, avg speed 50.85 IPS at time 31.97467648, tap offset 453830
wrote block 366, 1095 bytes, 1 try, parmset 0, AGC 0.78-1.16, ok, avg speed 50.89 IPS at time 32.03892096, tap offset 454699
wrote block 367,  615 bytes, 1 try, parmset 0, AGC 0.95-1.28, 1 err: LRC, avg speed 50.87 IPS at time 32.08611584, tap offset 455803
agt_text_tape_13Jan76.tap was closed at time 32.08611584 after 453,295 data bytes were extracted from 367 blocks

summary for file "agt_text_tape_13Jan76.tbin":
  21,942,280 samples were processed in 13 seconds (0.035 seconds/block)
  created 1 output file with a total of 456,422 bytes
  decoded 0 tape marks and 367 blocks with 453,295 bytes from 25.17 seconds of tape data
  the last block written was 32.08611584 seconds into the tape
  1 block had errors, 0 had warnings, 0 had mismatched tracks, 0 had bits corrected, 0 had midbit timing errors

  created statistics file "agt_text_tape_13Jan76.peakstats.csv" from 1,446,994 measurements of flux transition positions
  to graph it from Excel, open the CSV file, then: insert chart 2D line
  the earliest peak is 33.51 usec, and the latest peak is 35.99 usec
  that peak difference of 2.48 usec, and the largest standard deviation of 1.90 usec, are 6.9% and 5.3% of the nominal bit spacing
  deskewing with delays up to 7.5% of a bit time wasn't entirely effective
  the tape might have been written by two different drives
  if so you should consider separating the data into those sections
